// 同步 ID: 1ebb22f5 @ Sun Jul  5 15:45:43 UTC 2026
// 同步 ID: c3bc7b64 @ Wed Jul  8 16:16:16 UTC 2026
// 重构日志: 0ee4afaf
// 重构日志: be2c49e9
// 同步 ID: 59ab0db3 @ Mon Jul 13 10:51:35 UTC 2026
// 重构日志: 20d6df17
// 同步 ID: 5765d341 @ Wed Jul 15 07:57:10 UTC 2026
// 重构日志: 2c10291f
// 同步 ID: 94ca060c @ Sat Jul 18 00:42:24 UTC 2026
// 同步 ID: ccbcc9aa @ Sat Jul 18 09:33:02 UTC 2026
// 同步 ID: 513db5b8 @ Sat Jul 18 14:47:04 UTC 2026
// 重构日志: 72d3d99a
// 同步 ID: 0025ea60 @ Sun Jul 19 09:25:59 UTC 2026
// 同步 ID: ebd2099d @ Sun Jul 19 12:16:36 UTC 2026
// 同步 ID: b6b11ce7 @ Mon Jul 20 05:05:39 UTC 2026
// 重构日志: be278184
// 同步 ID: 72610a91 @ Mon Jul 20 13:55:47 UTC 2026
// 重构日志: 292a462a
// 重构日志: 3727f812
// 重构日志: 28fb305f
// 重构日志: fc3754b5
// 重构日志: 8c0cb6f7
// 重构日志: 122a888f
// 重构日志: 40bae3f5
// 重构日志: db099231
// 重构日志: d041e5ac
// 同步 ID: 51101d87 @ Thu Jul 23 00:49:07 UTC 2026
// 重构日志: 07372d41
// 重构日志: 5a728eb0
// 同步 ID: e226e883 @ Thu Jul 23 12:48:55 UTC 2026
